{
  "RSpec": {
    "coverage": {
      "/Users/maryturpin/turing/3Module/project/rails-engine/app/models/customer.rb": {
        "lines": [
          1,
          null
        ]
      },
      "/Users/maryturpin/turing/3Module/project/rails-engine/app/models/application_record.rb": {
        "lines": [
          1,
          1,
          null
        ]
      },
      "/Users/maryturpin/turing/3Module/project/rails-engine/spec/models/item_spec.rb": {
        "lines": [
          1,
          null,
          1,
          1,
          2,
          null,
          null,
          1,
          2,
          2,
          2,
          2,
          null,
          null
        ]
      },
      "/Users/maryturpin/turing/3Module/project/rails-engine/app/models/item.rb": {
        "lines": [
          1,
          1,
          1,
          1,
          1,
          1,
          null
        ]
      },
      "/Users/maryturpin/turing/3Module/project/rails-engine/spec/models/merchant_spec.rb": {
        "lines": [
          1,
          null,
          1,
          1,
          2,
          null,
          null,
          1,
          2,
          null,
          null
        ]
      },
      "/Users/maryturpin/turing/3Module/project/rails-engine/app/models/merchant.rb": {
        "lines": [
          1,
          1,
          1,
          null
        ]
      }
    },
    "timestamp": 1661926151
  }
}
